<?xml version="1.0" encoding="UTF-8"?>
<!-- Generated by org.testng.reporters.JUnitXMLReporter -->
<testsuite ignored="0" hostname="Pavan" failures="1" tests="2" name="OrangeHRMLogin" time="0.066" errors="0" timestamp="2022-12-17T15:19:31 IST">
  <testcase classname="com.TestCases.BaseClass" name="@BeforeSuite initializeBrowser" time="-1.671270571352E9">
    <failure type="org.testng.TestNGException" message="
Parameter &amp;apos;browsername&amp;apos; is required by BeforeSuite on method initializeBrowser but has not been marked @Optional or defined
in C:\Users\bairu\git\DailyPracticedWorkData\Orange\Loginpage.xml">
      <![CDATA[org.testng.TestNGException: 
Parameter 'browsername' is required by BeforeSuite on method initializeBrowser but has not been marked @Optional or defined
in C:\Users\bairu\git\DailyPracticedWorkData\Orange\Loginpage.xml
... Removed 16 stack frames]]>
    </failure>
  </testcase> <!-- @BeforeSuite initializeBrowser -->
  <testcase classname="com.TestCases.BaseClass" name="Teardown" time="0.0">
    <skipped/>
  </testcase> <!-- Teardown -->
  <testcase classname="com.TestCases.BaseClass" name="initializeBrowser" time="0.0">
    <failure type="org.testng.TestNGException" message="
Parameter &amp;apos;browsername&amp;apos; is required by @Test on method initializeBrowser but has not been marked @Optional or defined
in C:\Users\bairu\git\DailyPracticedWorkData\Orange\Loginpage.xml">
      <![CDATA[org.testng.TestNGException: 
Parameter 'browsername' is required by @Test on method initializeBrowser but has not been marked @Optional or defined
in C:\Users\bairu\git\DailyPracticedWorkData\Orange\Loginpage.xml
at java.base/java.util.ArrayList.forEach(ArrayList.java:1541)
... Removed 26 stack frames]]>
    </failure>
  </testcase> <!-- initializeBrowser -->
</testsuite> <!-- OrangeHRMLogin -->
