<?xml version="1.0" encoding="UTF-8"?>
<!-- Generated by org.testng.reporters.JUnitReportReporter -->
<testsuite hostname="Pavan" failures="0" tests="9" name="com.OrangeHRM.parameters" time="-1662543488.000" errors="2" timestamp="2022-09-07T15:06:44 IST" skipped="7">
  <testcase classname="com.OrangeHRM.parameters" name="Teardown" time="0.000">
    <skipped/>
  </testcase> <!-- Teardown -->
  <system-out/>
  <testcase classname="com.OrangeHRM.parameters" name="initializeBrowser" time="0.000">
    <error message="
Parameter &#039;browsername&#039; is required by @Test on method initializeBrowser but has not been marked @Optional or defined
in C:\Windows\Temp\testng-eclipse-1762632106\testng-customsuite.xml" type="org.testng.TestNGException">
      <![CDATA[org.testng.TestNGException: 
Parameter 'browsername' is required by @Test on method initializeBrowser but has not been marked @Optional or defined
in C:\Windows\Temp\testng-eclipse-1762632106\testng-customsuite.xml
at org.testng.internal.Parameters.createParams(Parameters.java:267)
at org.testng.internal.Parameters.createParametersForMethod(Parameters.java:355)
at org.testng.internal.Parameters.createParameters(Parameters.java:684)
at org.testng.internal.Parameters.handleParameters(Parameters.java:888)
at org.testng.internal.Parameters.handleParameters(Parameters.java:728)
at org.testng.internal.invokers.ParameterHandler.handleParameters(ParameterHandler.java:72)
at org.testng.internal.invokers.ParameterHandler.createParameters(ParameterHandler.java:51)
at org.testng.internal.invokers.TestInvoker$MethodInvocationAgent.invoke(TestInvoker.java:917)
at org.testng.internal.invokers.TestInvoker.invokeTestMethods(TestInvoker.java:194)
at org.testng.internal.invokers.TestMethodWorker.invokeTestMethods(TestMethodWorker.java:148)
at org.testng.internal.invokers.TestMethodWorker.run(TestMethodWorker.java:128)
at java.base/java.util.ArrayList.forEach(ArrayList.java:1541)
at org.testng.TestRunner.privateRun(TestRunner.java:806)
at org.testng.TestRunner.run(TestRunner.java:601)
at org.testng.SuiteRunner.runTest(SuiteRunner.java:433)
at org.testng.SuiteRunner.runSequentially(SuiteRunner.java:427)
at org.testng.SuiteRunner.privateRun(SuiteRunner.java:387)
at org.testng.SuiteRunner.run(SuiteRunner.java:330)
at org.testng.SuiteRunnerWorker.runSuite(SuiteRunnerWorker.java:52)
at org.testng.SuiteRunnerWorker.run(SuiteRunnerWorker.java:95)
at org.testng.TestNG.runSuitesSequentially(TestNG.java:1256)
at org.testng.TestNG.runSuitesLocally(TestNG.java:1176)
at org.testng.TestNG.runSuites(TestNG.java:1099)
at org.testng.TestNG.run(TestNG.java:1067)
at org.testng.remote.AbstractRemoteTestNG.run(AbstractRemoteTestNG.java:115)
at org.testng.remote.RemoteTestNG.initAndRun(RemoteTestNG.java:251)
at org.testng.remote.RemoteTestNG.main(RemoteTestNG.java:77)
]]>
    </error>
  </testcase> <!-- initializeBrowser -->
  <system-out/>
  <testcase classname="com.OrangeHRM.parameters" name="LaunchBrowser" time="0.001">
    <skipped/>
  </testcase> <!-- LaunchBrowser -->
  <system-out/>
  <testcase classname="com.OrangeHRM.parameters" name="EnterLoginCredentials" time="0.000">
    <skipped/>
  </testcase> <!-- EnterLoginCredentials -->
  <system-out/>
  <testcase classname="com.OrangeHRM.parameters" name="EnterLoginCredentials" time="0.000">
    <skipped/>
  </testcase> <!-- EnterLoginCredentials -->
  <system-out/>
  <testcase classname="com.OrangeHRM.parameters" name="verifyMyInfo" time="0.000">
    <skipped/>
  </testcase> <!-- verifyMyInfo -->
  <system-out/>
  <testcase classname="com.OrangeHRM.parameters" name="initializeBrowser" time="-1662543488.000">
    <error message="
Parameter &#039;browsername&#039; is required by BeforeSuite on method initializeBrowser but has not been marked @Optional or defined
in C:\Windows\Temp\testng-eclipse-1762632106\testng-customsuite.xml" type="org.testng.TestNGException">
      <![CDATA[org.testng.TestNGException: 
Parameter 'browsername' is required by BeforeSuite on method initializeBrowser but has not been marked @Optional or defined
in C:\Windows\Temp\testng-eclipse-1762632106\testng-customsuite.xml
at org.testng.internal.Parameters.createParams(Parameters.java:267)
at org.testng.internal.Parameters.createParametersForMethod(Parameters.java:355)
at org.testng.internal.Parameters.createParameters(Parameters.java:684)
at org.testng.internal.Parameters.createConfigurationParameters(Parameters.java:166)
at org.testng.internal.invokers.ConfigInvoker.invokeConfigurations(ConfigInvoker.java:277)
at org.testng.SuiteRunner.privateRun(SuiteRunner.java:372)
at org.testng.SuiteRunner.run(SuiteRunner.java:330)
at org.testng.SuiteRunnerWorker.runSuite(SuiteRunnerWorker.java:52)
at org.testng.SuiteRunnerWorker.run(SuiteRunnerWorker.java:95)
at org.testng.TestNG.runSuitesSequentially(TestNG.java:1256)
at org.testng.TestNG.runSuitesLocally(TestNG.java:1176)
at org.testng.TestNG.runSuites(TestNG.java:1099)
at org.testng.TestNG.run(TestNG.java:1067)
at org.testng.remote.AbstractRemoteTestNG.run(AbstractRemoteTestNG.java:115)
at org.testng.remote.RemoteTestNG.initAndRun(RemoteTestNG.java:251)
at org.testng.remote.RemoteTestNG.main(RemoteTestNG.java:77)
]]>
    </error>
  </testcase> <!-- initializeBrowser -->
  <system-out/>
  <testcase classname="com.OrangeHRM.parameters" name="EnterLoginCredentials" time="0.000">
    <skipped/>
  </testcase> <!-- EnterLoginCredentials -->
  <system-out/>
  <testcase classname="com.OrangeHRM.parameters" name="verifyLogin" time="0.000">
    <skipped/>
  </testcase> <!-- verifyLogin -->
  <system-out/>
</testsuite> <!-- com.OrangeHRM.parameters -->
